# 
# do ../scripts/run_instr_mem.do
# Model Technology ModelSim - Intel FPGA Edition vmap 2020.1 Lib Mapping Utility 2020.02 Feb 28 2020
# vmap work work 
# Modifying modelsim.ini
# Model Technology ModelSim - Intel FPGA Edition vlog 2020.1 Compiler 2020.02 Feb 28 2020
# Start time: 16:14:22 on Jun 11,2026
# vlog -sv ../../packages/alu_pkg.sv ../../packages/decoder_pkg.sv ../../rtl/core/2_imem/instr_mem.sv ../../tb/tb_instr_mem.sv 
# -- Compiling package alu_package
# -- Compiling package decoder_package
# -- Compiling module instr_mem
# -- Compiling module tb_instr_mem
# 
# Top level modules:
# 	tb_instr_mem
# End time: 16:14:22 on Jun 11,2026, Elapsed time: 0:00:00
# Errors: 0, Warnings: 0
# vsim -batch -L work -voptargs="+acc" work.tb_instr_mem 
# Start time: 16:14:22 on Jun 11,2026
# Loading sv_std.std
# Loading work.tb_instr_mem
# Loading work.instr_mem
# --- Starting instr_mem Tests ---
# --- instr_mem Test Summary ---
# Total Tests:           7
# Passed:           7
# Failed:           0
# RESULT: PASS
# ** Note: $finish    : ../../tb/tb_instr_mem.sv(78)
#    Time: 96 ns  Iteration: 0  Instance: /tb_instr_mem
# End time: 16:14:22 on Jun 11,2026, Elapsed time: 0:00:00
# Errors: 0, Warnings: 0
