# 
# do ../scripts/run_writeback.do
# Model Technology ModelSim - Intel FPGA Edition vmap 2020.1 Lib Mapping Utility 2020.02 Feb 28 2020
# vmap work work 
# Modifying modelsim.ini
# Model Technology ModelSim - Intel FPGA Edition vlog 2020.1 Compiler 2020.02 Feb 28 2020
# Start time: 16:14:29 on Jun 11,2026
# vlog -sv ../../packages/alu_pkg.sv ../../packages/decoder_pkg.sv ../../rtl/core/8_wb/writeback.sv ../../tb/tb_writeback.sv 
# -- Compiling package alu_package
# -- Compiling package decoder_package
# -- Compiling module writeback
# -- Compiling module tb_writeback
# 
# Top level modules:
# 	tb_writeback
# End time: 16:14:29 on Jun 11,2026, Elapsed time: 0:00:00
# Errors: 0, Warnings: 0
# vsim -batch -L work -voptargs="+acc" work.tb_writeback 
# Start time: 16:14:28 on Jun 11,2026
# Loading sv_std.std
# Loading work.tb_writeback
# Loading work.writeback
# --- Starting writeback Tests ---
# --- writeback Test Summary ---
# Total Tests:           4
# Passed:           4
# Failed:           0
# RESULT: PASS
# ** Note: $finish    : ../../tb/tb_writeback.sv(46)
#    Time: 4 ns  Iteration: 0  Instance: /tb_writeback
# End time: 16:14:29 on Jun 11,2026, Elapsed time: 0:00:01
# Errors: 0, Warnings: 0
