# 
# do ../scripts/run_data_sel.do
# Model Technology ModelSim - Intel FPGA Edition vmap 2020.1 Lib Mapping Utility 2020.02 Feb 28 2020
# vmap work work 
# Modifying modelsim.ini
# Model Technology ModelSim - Intel FPGA Edition vlog 2020.1 Compiler 2020.02 Feb 28 2020
# Start time: 16:14:25 on Jun 11,2026
# vlog -sv ../../packages/alu_pkg.sv ../../packages/decoder_pkg.sv ../../rtl/core/5_ex1/data_sel.sv ../../tb/tb_data_sel.sv 
# -- Compiling package alu_package
# -- Compiling package decoder_package
# -- Compiling module data_sel
# -- Compiling module tb_data_sel
# 
# Top level modules:
# 	tb_data_sel
# End time: 16:14:26 on Jun 11,2026, Elapsed time: 0:00:01
# Errors: 0, Warnings: 0
# vsim -batch -L work -voptargs="+acc" work.tb_data_sel 
# Start time: 16:14:25 on Jun 11,2026
# Loading sv_std.std
# Loading work.tb_data_sel
# Loading work.data_sel
# --- Starting data_sel Tests ---
# --- data_sel Test Summary ---
# Total Tests:           4
# Passed:           4
# Failed:           0
# RESULT: PASS
# ** Note: $finish    : ../../tb/tb_data_sel.sv(67)
#    Time: 4 ns  Iteration: 0  Instance: /tb_data_sel
# End time: 16:14:26 on Jun 11,2026, Elapsed time: 0:00:01
# Errors: 0, Warnings: 0
