# 
# do ../scripts/run_imm_gen.do
# Model Technology ModelSim - Intel FPGA Edition vmap 2020.1 Lib Mapping Utility 2020.02 Feb 28 2020
# vmap work work 
# Modifying modelsim.ini
# Model Technology ModelSim - Intel FPGA Edition vlog 2020.1 Compiler 2020.02 Feb 28 2020
# Start time: 16:14:23 on Jun 11,2026
# vlog -sv ../../packages/alu_pkg.sv ../../packages/decoder_pkg.sv ../../rtl/core/3_decode/imm_gen.sv ../../tb/tb_imm_gen.sv 
# -- Compiling package alu_package
# -- Compiling package decoder_package
# -- Compiling module imm_gen
# -- Importing package decoder_package
# -- Compiling module tb_imm_gen
# 
# Top level modules:
# 	tb_imm_gen
# End time: 16:14:23 on Jun 11,2026, Elapsed time: 0:00:00
# Errors: 0, Warnings: 0
# vsim -batch -L work -voptargs="+acc" work.tb_imm_gen 
# Start time: 16:14:23 on Jun 11,2026
# Loading sv_std.std
# Loading work.tb_imm_gen
# Loading work.decoder_package
# Loading work.imm_gen
# --- Starting imm_gen Tests ---
# --- imm_gen Test Summary ---
# Total Tests:           8
# Passed:           8
# Failed:           0
# RESULT: PASS
# ** Note: $finish    : ../../tb/tb_imm_gen.sv(60)
#    Time: 8 ns  Iteration: 0  Instance: /tb_imm_gen
# End time: 16:14:24 on Jun 11,2026, Elapsed time: 0:00:01
# Errors: 0, Warnings: 0
