# 
# do ../scripts/run_data_mem.do
# Model Technology ModelSim - Intel FPGA Edition vmap 2020.1 Lib Mapping Utility 2020.02 Feb 28 2020
# vmap work work 
# Modifying modelsim.ini
# Model Technology ModelSim - Intel FPGA Edition vlog 2020.1 Compiler 2020.02 Feb 28 2020
# Start time: 16:14:28 on Jun 11,2026
# vlog -sv ../../packages/alu_pkg.sv ../../packages/decoder_pkg.sv ../../rtl/core/8_wb/data_mem.sv ../../tb/tb_data_mem.sv 
# -- Compiling package alu_package
# -- Compiling package decoder_package
# -- Compiling module data_mem
# -- Compiling module tb_data_mem
# 
# Top level modules:
# 	tb_data_mem
# End time: 16:14:28 on Jun 11,2026, Elapsed time: 0:00:00
# Errors: 0, Warnings: 0
# vsim -batch -L work -voptargs="+acc" work.tb_data_mem 
# Start time: 16:14:28 on Jun 11,2026
# Loading sv_std.std
# Loading work.tb_data_mem
# Loading work.data_mem
# --- Starting data_mem Tests ---
# --- data_mem Test Summary ---
# Total Tests:           7
# Passed:           7
# Failed:           0
# RESULT: PASS
# ** Note: $finish    : ../../tb/tb_data_mem.sv(82)
#    Time: 96 ns  Iteration: 0  Instance: /tb_data_mem
# End time: 16:14:28 on Jun 11,2026, Elapsed time: 0:00:00
# Errors: 0, Warnings: 0
