# 
# do ../scripts/run_core_integrated.do
# Model Technology ModelSim - Intel FPGA Edition vlog 2020.1 Compiler 2020.02 Feb 28 2020
# Start time: 16:14:31 on Jun 11,2026
# vlog -work work ../../packages/alu_pkg.sv 
# -- Compiling package alu_package
# 
# Top level modules:
# 	--none--
# End time: 16:14:31 on Jun 11,2026, Elapsed time: 0:00:00
# Errors: 0, Warnings: 0
# Model Technology ModelSim - Intel FPGA Edition vlog 2020.1 Compiler 2020.02 Feb 28 2020
# Start time: 16:14:31 on Jun 11,2026
# vlog -work work ../../packages/decoder_pkg.sv 
# -- Compiling package decoder_package
# 
# Top level modules:
# 	--none--
# End time: 16:14:31 on Jun 11,2026, Elapsed time: 0:00:00
# Errors: 0, Warnings: 0
# Model Technology ModelSim - Intel FPGA Edition vlog 2020.1 Compiler 2020.02 Feb 28 2020
# Start time: 16:14:31 on Jun 11,2026
# vlog -work work ../../rtl/core/1_fetch/pc_update.sv 
# -- Compiling module pc_update
# 
# Top level modules:
# 	pc_update
# End time: 16:14:31 on Jun 11,2026, Elapsed time: 0:00:00
# Errors: 0, Warnings: 0
# Model Technology ModelSim - Intel FPGA Edition vlog 2020.1 Compiler 2020.02 Feb 28 2020
# Start time: 16:14:31 on Jun 11,2026
# vlog -work work ../../rtl/core/2_imem/instr_mem.sv 
# -- Compiling module instr_mem
# 
# Top level modules:
# 	instr_mem
# End time: 16:14:31 on Jun 11,2026, Elapsed time: 0:00:00
# Errors: 0, Warnings: 0
# Model Technology ModelSim - Intel FPGA Edition vlog 2020.1 Compiler 2020.02 Feb 28 2020
# Start time: 16:14:31 on Jun 11,2026
# vlog -work work ../../rtl/core/3_decode/IF_ID.sv 
# -- Compiling module IF_ID
# 
# Top level modules:
# 	IF_ID
# End time: 16:14:31 on Jun 11,2026, Elapsed time: 0:00:00
# Errors: 0, Warnings: 0
# Model Technology ModelSim - Intel FPGA Edition vlog 2020.1 Compiler 2020.02 Feb 28 2020
# Start time: 16:14:31 on Jun 11,2026
# vlog -work work ../../rtl/core/3_decode/control.sv 
# -- Compiling module control
# -- Importing package decoder_package
# -- Importing package alu_package
# 
# Top level modules:
# 	control
# End time: 16:14:31 on Jun 11,2026, Elapsed time: 0:00:00
# Errors: 0, Warnings: 0
# Model Technology ModelSim - Intel FPGA Edition vlog 2020.1 Compiler 2020.02 Feb 28 2020
# Start time: 16:14:31 on Jun 11,2026
# vlog -work work ../../rtl/core/3_decode/decode.sv 
# -- Compiling module decode
# -- Importing package decoder_package
# 
# Top level modules:
# 	decode
# End time: 16:14:31 on Jun 11,2026, Elapsed time: 0:00:00
# Errors: 0, Warnings: 0
# Model Technology ModelSim - Intel FPGA Edition vlog 2020.1 Compiler 2020.02 Feb 28 2020
# Start time: 16:14:31 on Jun 11,2026
# vlog -work work ../../rtl/core/3_decode/imm_gen.sv 
# -- Compiling module imm_gen
# -- Importing package decoder_package
# 
# Top level modules:
# 	imm_gen
# End time: 16:14:31 on Jun 11,2026, Elapsed time: 0:00:00
# Errors: 0, Warnings: 0
# Model Technology ModelSim - Intel FPGA Edition vlog 2020.1 Compiler 2020.02 Feb 28 2020
# Start time: 16:14:31 on Jun 11,2026
# vlog -work work ../../rtl/core/3_decode/ID_RR.sv 
# -- Compiling module ID_RR
# 
# Top level modules:
# 	ID_RR
# End time: 16:14:31 on Jun 11,2026, Elapsed time: 0:00:00
# Errors: 0, Warnings: 0
# Model Technology ModelSim - Intel FPGA Edition vlog 2020.1 Compiler 2020.02 Feb 28 2020
# Start time: 16:14:31 on Jun 11,2026
# vlog -work work ../../rtl/core/4_reg_read/regfile.sv 
# -- Compiling module regfile
# 
# Top level modules:
# 	regfile
# End time: 16:14:32 on Jun 11,2026, Elapsed time: 0:00:01
# Errors: 0, Warnings: 0
# Model Technology ModelSim - Intel FPGA Edition vlog 2020.1 Compiler 2020.02 Feb 28 2020
# Start time: 16:14:32 on Jun 11,2026
# vlog -work work ../../rtl/core/4_reg_read/RR_EX1.sv 
# -- Compiling module RR_EX1
# 
# Top level modules:
# 	RR_EX1
# End time: 16:14:32 on Jun 11,2026, Elapsed time: 0:00:00
# Errors: 0, Warnings: 0
# Model Technology ModelSim - Intel FPGA Edition vlog 2020.1 Compiler 2020.02 Feb 28 2020
# Start time: 16:14:32 on Jun 11,2026
# vlog -work work ../../rtl/core/5_ex1/data_sel.sv 
# -- Compiling module data_sel
# 
# Top level modules:
# 	data_sel
# End time: 16:14:32 on Jun 11,2026, Elapsed time: 0:00:00
# Errors: 0, Warnings: 0
# Model Technology ModelSim - Intel FPGA Edition vlog 2020.1 Compiler 2020.02 Feb 28 2020
# Start time: 16:14:32 on Jun 11,2026
# vlog -work work ../../rtl/core/5_ex1/EX1_EX2.sv 
# -- Compiling module EX1_EX2
# 
# Top level modules:
# 	EX1_EX2
# End time: 16:14:32 on Jun 11,2026, Elapsed time: 0:00:00
# Errors: 0, Warnings: 0
# Model Technology ModelSim - Intel FPGA Edition vlog 2020.1 Compiler 2020.02 Feb 28 2020
# Start time: 16:14:32 on Jun 11,2026
# vlog -work work ../../rtl/core/6_ex2/alu.sv 
# -- Compiling module alu
# -- Importing package alu_package
# 
# Top level modules:
# 	alu
# End time: 16:14:32 on Jun 11,2026, Elapsed time: 0:00:00
# Errors: 0, Warnings: 0
# Model Technology ModelSim - Intel FPGA Edition vlog 2020.1 Compiler 2020.02 Feb 28 2020
# Start time: 16:14:32 on Jun 11,2026
# vlog -work work ../../rtl/core/6_ex2/branch_eval.sv 
# -- Compiling module branch_eval
# 
# Top level modules:
# 	branch_eval
# End time: 16:14:32 on Jun 11,2026, Elapsed time: 0:00:00
# Errors: 0, Warnings: 0
# Model Technology ModelSim - Intel FPGA Edition vlog 2020.1 Compiler 2020.02 Feb 28 2020
# Start time: 16:14:32 on Jun 11,2026
# vlog -work work ../../rtl/core/6_ex2/EX2_EX3.sv 
# -- Compiling module EX2_EX3
# 
# Top level modules:
# 	EX2_EX3
# End time: 16:14:32 on Jun 11,2026, Elapsed time: 0:00:00
# Errors: 0, Warnings: 0
# Model Technology ModelSim - Intel FPGA Edition vlog 2020.1 Compiler 2020.02 Feb 28 2020
# Start time: 16:14:32 on Jun 11,2026
# vlog -work work ../../rtl/core/7_ex3_mem/pc_target_calc.sv 
# -- Compiling module pc_target_calc
# 
# Top level modules:
# 	pc_target_calc
# End time: 16:14:32 on Jun 11,2026, Elapsed time: 0:00:00
# Errors: 0, Warnings: 0
# Model Technology ModelSim - Intel FPGA Edition vlog 2020.1 Compiler 2020.02 Feb 28 2020
# Start time: 16:14:32 on Jun 11,2026
# vlog -work work ../../rtl/core/7_ex3_mem/MEM_WB.sv 
# -- Compiling module MEM_WB
# 
# Top level modules:
# 	MEM_WB
# End time: 16:14:32 on Jun 11,2026, Elapsed time: 0:00:00
# Errors: 0, Warnings: 0
# Model Technology ModelSim - Intel FPGA Edition vlog 2020.1 Compiler 2020.02 Feb 28 2020
# Start time: 16:14:32 on Jun 11,2026
# vlog -work work ../../rtl/core/8_wb/data_mem.sv 
# -- Compiling module data_mem
# 
# Top level modules:
# 	data_mem
# End time: 16:14:33 on Jun 11,2026, Elapsed time: 0:00:01
# Errors: 0, Warnings: 0
# Model Technology ModelSim - Intel FPGA Edition vlog 2020.1 Compiler 2020.02 Feb 28 2020
# Start time: 16:14:33 on Jun 11,2026
# vlog -work work ../../rtl/core/8_wb/writeback.sv 
# -- Compiling module writeback
# 
# Top level modules:
# 	writeback
# End time: 16:14:33 on Jun 11,2026, Elapsed time: 0:00:00
# Errors: 0, Warnings: 0
# Model Technology ModelSim - Intel FPGA Edition vlog 2020.1 Compiler 2020.02 Feb 28 2020
# Start time: 16:14:33 on Jun 11,2026
# vlog -work work ../../rtl/core/hazard_control/forwarding_unit.sv 
# -- Compiling module forwarding_unit
# 
# Top level modules:
# 	forwarding_unit
# End time: 16:14:33 on Jun 11,2026, Elapsed time: 0:00:00
# Errors: 0, Warnings: 0
# Model Technology ModelSim - Intel FPGA Edition vlog 2020.1 Compiler 2020.02 Feb 28 2020
# Start time: 16:14:33 on Jun 11,2026
# vlog -work work ../../rtl/core/hazard_control/hazard_detection_unit.sv 
# -- Compiling module hazard_detection_unit
# 
# Top level modules:
# 	hazard_detection_unit
# End time: 16:14:33 on Jun 11,2026, Elapsed time: 0:00:00
# Errors: 0, Warnings: 0
# Model Technology ModelSim - Intel FPGA Edition vlog 2020.1 Compiler 2020.02 Feb 28 2020
# Start time: 16:14:33 on Jun 11,2026
# vlog -work work ../../rtl/core/core.sv 
# -- Compiling module core
# 
# Top level modules:
# 	core
# End time: 16:14:33 on Jun 11,2026, Elapsed time: 0:00:00
# Errors: 0, Warnings: 0
# Model Technology ModelSim - Intel FPGA Edition vlog 2020.1 Compiler 2020.02 Feb 28 2020
# Start time: 16:14:33 on Jun 11,2026
# vlog -work work ../../tb/tb_core.sv 
# -- Compiling module tb_core
# 
# Top level modules:
# 	tb_core
# End time: 16:14:33 on Jun 11,2026, Elapsed time: 0:00:00
# Errors: 0, Warnings: 0
# vsim -voptargs=""+acc"" -onfinish exit work.tb_core 
# Start time: 16:14:30 on Jun 11,2026
# Loading sv_std.std
# Loading work.tb_core
# Loading work.core
# Loading work.pc_update
# Loading work.instr_mem
# Loading work.IF_ID
# Loading work.decoder_package
# Loading work.decode
# Loading work.imm_gen
# Loading work.alu_package
# Loading work.control
# Loading work.ID_RR
# Loading work.regfile
# Loading work.RR_EX1
# Loading work.data_sel
# Loading work.EX1_EX2
# Loading work.alu
# Loading work.branch_eval
# Loading work.EX2_EX3
# Loading work.pc_target_calc
# Loading work.MEM_WB
# Loading work.data_mem
# Loading work.writeback
# Loading work.forwarding_unit
# Loading work.hazard_detection_unit
# 
# --- Program Completion Detected (PC: 000000fc) ---
# 
# ========================================
# Final Test Summary (8-Stage Balanced):
#   Cycles Run:   84
#   Errors Found: 0
#   [TEST PASSED]
# ========================================
# 
# ** Note: $finish    : ../../tb/tb_core.sv(130)
#    Time: 855 ns  Iteration: 1  Instance: /tb_core
# End time: 16:14:34 on Jun 11,2026, Elapsed time: 0:00:04
# Errors: 0, Warnings: 0
