# 
# do ../scripts/run_pc_update.do
# Model Technology ModelSim - Intel FPGA Edition vmap 2020.1 Lib Mapping Utility 2020.02 Feb 28 2020
# vmap work work 
# Modifying modelsim.ini
# Model Technology ModelSim - Intel FPGA Edition vlog 2020.1 Compiler 2020.02 Feb 28 2020
# Start time: 16:14:21 on Jun 11,2026
# vlog -sv ../../packages/alu_pkg.sv ../../packages/decoder_pkg.sv ../../rtl/core/1_fetch/pc_update.sv ../../tb/tb_pc_update.sv 
# -- Compiling package alu_package
# -- Compiling package decoder_package
# -- Compiling module pc_update
# -- Compiling module tb_pc_update
# 
# Top level modules:
# 	tb_pc_update
# End time: 16:14:21 on Jun 11,2026, Elapsed time: 0:00:00
# Errors: 0, Warnings: 0
# vsim -batch -L work -voptargs=""+acc"" work.tb_pc_update 
# Start time: 16:14:21 on Jun 11,2026
# Loading sv_std.std
# Loading work.tb_pc_update
# Loading work.pc_update
# --- Starting pc_update Tests ---
# --- pc_update Test Summary ---
# Total Tests:           8
# Passed:           8
# Failed:           0
# RESULT: PASS
# ** Note: $finish    : ../../tb/tb_pc_update.sv(87)
#    Time: 106 ns  Iteration: 0  Instance: /tb_pc_update
# End time: 16:14:21 on Jun 11,2026, Elapsed time: 0:00:00
# Errors: 0, Warnings: 0
