# 
# do ../scripts/run_regfile.do
# Model Technology ModelSim - Intel FPGA Edition vmap 2020.1 Lib Mapping Utility 2020.02 Feb 28 2020
# vmap work work 
# Modifying modelsim.ini
# Model Technology ModelSim - Intel FPGA Edition vlog 2020.1 Compiler 2020.02 Feb 28 2020
# Start time: 16:14:25 on Jun 11,2026
# vlog -sv ../../packages/alu_pkg.sv ../../packages/decoder_pkg.sv ../../rtl/core/4_reg_read/regfile.sv ../../tb/tb_regfile.sv 
# -- Compiling package alu_package
# -- Compiling package decoder_package
# -- Compiling module regfile
# -- Compiling module tb_regfile
# 
# Top level modules:
# 	tb_regfile
# End time: 16:14:25 on Jun 11,2026, Elapsed time: 0:00:00
# Errors: 0, Warnings: 0
# vsim -batch -L work -voptargs="+acc" work.tb_regfile 
# Start time: 16:14:24 on Jun 11,2026
# Loading sv_std.std
# Loading work.tb_regfile
# Loading work.regfile
# --- Starting regfile Tests ---
# --- regfile Test Summary ---
# Total Tests:           4
# Passed:           4
# Failed:           0
# RESULT: PASS
# ** Note: $finish    : ../../tb/tb_regfile.sv(82)
#    Time: 86 ns  Iteration: 0  Instance: /tb_regfile
# End time: 16:14:25 on Jun 11,2026, Elapsed time: 0:00:01
# Errors: 0, Warnings: 0
