# 
# do ../scripts/run_hazard_detection_unit.do
# Model Technology ModelSim - Intel FPGA Edition vmap 2020.1 Lib Mapping Utility 2020.02 Feb 28 2020
# vmap work work 
# Modifying modelsim.ini
# Model Technology ModelSim - Intel FPGA Edition vlog 2020.1 Compiler 2020.02 Feb 28 2020
# Start time: 16:14:30 on Jun 11,2026
# vlog -sv ../../packages/alu_pkg.sv ../../packages/decoder_pkg.sv ../../rtl/core/hazard_control/hazard_detection_unit.sv ../../tb/tb_hazard_detection_unit.sv 
# -- Compiling package alu_package
# -- Compiling package decoder_package
# -- Compiling module hazard_detection_unit
# -- Compiling module tb_hazard_detection_unit
# 
# Top level modules:
# 	tb_hazard_detection_unit
# End time: 16:14:30 on Jun 11,2026, Elapsed time: 0:00:00
# Errors: 0, Warnings: 0
# vsim -batch -L work -voptargs="+acc" work.tb_hazard_detection_unit 
# Start time: 16:14:29 on Jun 11,2026
# Loading sv_std.std
# Loading work.tb_hazard_detection_unit
# Loading work.hazard_detection_unit
# --- Starting hazard_detection_unit Tests (8-Stage Balanced) ---
# --- hazard_detection_unit Test Summary ---
# Total Tests:           9
# Passed:           9
# Failed:           0
# RESULT: PASS
# ** Note: $finish    : ../../tb/tb_hazard_detection_unit.sv(90)
#    Time: 9 ns  Iteration: 0  Instance: /tb_hazard_detection_unit
# End time: 16:14:30 on Jun 11,2026, Elapsed time: 0:00:01
# Errors: 0, Warnings: 0
